0 info it worked if it ends with ok
1 verbose cli [ 'node', '/usr/local/bin/npm', 'publish' ]
2 info using npm@2.10.0
3 info using node@v0.12.2
4 verbose node symlink /usr/local/bin/node
5 verbose publish [ '.' ]
6 verbose stack Error: Failed to parse json
6 verbose stack Unexpected token ':' at 14:11
6 verbose stack     "type": "git",
6 verbose stack           ^
6 verbose stack     at parseError (/usr/local/lib/node_modules/npm/node_modules/read-package-json/read-json.js:379:11)
6 verbose stack     at parseJson (/usr/local/lib/node_modules/npm/node_modules/read-package-json/read-json.js:68:23)
6 verbose stack     at /usr/local/lib/node_modules/npm/node_modules/read-package-json/read-json.js:48:5
6 verbose stack     at evalmachine.<anonymous>:334:14
6 verbose stack     at /usr/local/lib/node_modules/npm/node_modules/graceful-fs/graceful-fs.js:102:5
6 verbose stack     at FSReqWrap.oncomplete (evalmachine.<anonymous>:95:15)
7 verbose cwd /Users/brettbeutell/boojay/node-stuff/google-fonts-cli
8 error Darwin 14.3.0
9 error argv "node" "/usr/local/bin/npm" "publish"
10 error node v0.12.2
11 error npm  v2.10.0
12 error file /Users/brettbeutell/boojay/node-stuff/google-fonts-cli/package.json
13 error code EJSONPARSE
14 error Failed to parse json
14 error Unexpected token ':' at 14:11
14 error     "type": "git",
14 error           ^
15 error File: /Users/brettbeutell/boojay/node-stuff/google-fonts-cli/package.json
16 error Failed to parse package.json data.
16 error package.json must be actual JSON, not just JavaScript.
16 error
16 error This is not a bug in npm.
16 error Tell the package author to fix their package.json file. JSON.parse
17 verbose exit [ 1, true ]
